Using pre-set license
Built from '2021.3/staging' branch; Version is '2021.3.13f1 (9e7d58001ecf) revision 10386776'; Using compiler version '192829333'; Build Type 'Release'
OS: 'Windows 10  (10.0.19045) 64bit Core' Language: 'en' Physical Memory: 15789 MB
BatchMode: 1, IsHumanControllingUs: 0, StartBugReporterOnCrash: 0, Is64bit: 1, IsPro: 1

COMMAND LINE ARGUMENTS:
C:\Program Files\Unity\Hub\Editor\2021.3.13f1\Editor\Unity.exe
-adb2
-batchMode
-noUpm
-name
AssetImportWorker0
-projectPath
C:/Users/Vincent/Documents/Git/Rowell/RowellPrototypes2022
-logFile
Logs/AssetImportWorker0.log
-srvPort
64271
Successfully changed project path to: C:/Users/Vincent/Documents/Git/Rowell/RowellPrototypes2022
C:/Users/Vincent/Documents/Git/Rowell/RowellPrototypes2022
[UnityMemory] Configuration Parameters - Can be set up in boot.config
    "memorysetup-bucket-allocator-granularity=16"
    "memorysetup-bucket-allocator-bucket-count=8"
    "memorysetup-bucket-allocator-block-size=33554432"
    "memorysetup-bucket-allocator-block-count=8"
    "memorysetup-main-allocator-block-size=16777216"
    "memorysetup-thread-allocator-block-size=16777216"
    "memorysetup-gfx-main-allocator-block-size=16777216"
    "memorysetup-gfx-thread-allocator-block-size=16777216"
    "memorysetup-cache-allocator-block-size=4194304"
    "memorysetup-typetree-allocator-block-size=2097152"
    "memorysetup-profiler-bucket-allocator-granularity=16"
    "memorysetup-profiler-bucket-allocator-bucket-count=8"
    "memorysetup-profiler-bucket-allocator-block-size=33554432"
    "memorysetup-profiler-bucket-allocator-block-count=8"
    "memorysetup-profiler-allocator-block-size=16777216"
    "memorysetup-profiler-editor-allocator-block-size=1048576"
    "memorysetup-temp-allocator-size-main=16777216"
    "memorysetup-job-temp-allocator-block-size=2097152"
    "memorysetup-job-temp-allocator-block-size-background=1048576"
    "memorysetup-job-temp-allocator-reduction-small-platforms=262144"
    "memorysetup-temp-allocator-size-background-worker=32768"
    "memorysetup-temp-allocator-size-job-worker=262144"
    "memorysetup-temp-allocator-size-preload-manager=33554432"
    "memorysetup-temp-allocator-size-nav-mesh-worker=65536"
    "memorysetup-temp-allocator-size-audio-worker=65536"
    "memorysetup-temp-allocator-size-cloud-worker=32768"
    "memorysetup-temp-allocator-size-gi-baking-worker=262144"
    "memorysetup-temp-allocator-size-gfx=262144"
Refreshing native plugins compatible for Editor in 35.32 ms, found 2 plugins.
Preloading 0 native plugins for Editor in 0.00 ms.
Initialize engine version: 2021.3.13f1 (9e7d58001ecf)
[Subsystems] Discovering subsystems at path C:/Program Files/Unity/Hub/Editor/2021.3.13f1/Editor/Data/Resources/UnitySubsystems
[Subsystems] Discovering subsystems at path C:/Users/Vincent/Documents/Git/Rowell/RowellPrototypes2022/Assets
GfxDevice: creating device client; threaded=0; jobified=0
Direct3D:
    Version:  Direct3D 11.0 [level 11.1]
    Renderer: NVIDIA GeForce GTX 1660 Ti with Max-Q Design (ID=0x2191)
    Vendor:   NVIDIA
    VRAM:     5991 MB
    Driver:   31.0.15.1694
Initialize mono
Mono path[0] = 'C:/Program Files/Unity/Hub/Editor/2021.3.13f1/Editor/Data/Managed'
Mono path[1] = 'C:/Program Files/Unity/Hub/Editor/2021.3.13f1/Editor/Data/MonoBleedingEdge/lib/mono/unityjit-win32'
Mono config path = 'C:/Program Files/Unity/Hub/Editor/2021.3.13f1/Editor/Data/MonoBleedingEdge/etc'
Using monoOptions --debugger-agent=transport=dt_socket,embedding=1,server=y,suspend=n,address=127.0.0.1:56264
Begin MonoManager ReloadAssembly
Registering precompiled unity dll's ...
Register platform support module: C:/Program Files/Unity/Hub/Editor/2021.3.13f1/Editor/Data/PlaybackEngines/WindowsStandaloneSupport/UnityEditor.WindowsStandalone.Extensions.dll
Registered in 0.006987 seconds.
Native extension for WindowsStandalone target not found
Refreshing native plugins compatible for Editor in 29.90 ms, found 2 plugins.
Preloading 0 native plugins for Editor in 0.00 ms.
Mono: successfully reloaded assembly
- Completed reload, in  0.537 seconds
Domain Reload Profiling:
	ReloadAssembly (538ms)
		BeginReloadAssembly (68ms)
			ExecutionOrderSort (0ms)
			DisableScriptedObjects (0ms)
			BackupInstance (0ms)
			ReleaseScriptingObjects (0ms)
			CreateAndSetChildDomain (1ms)
		EndReloadAssembly (358ms)
			LoadAssemblies (66ms)
			RebuildTransferFunctionScriptingTraits (0ms)
			SetupTypeCache (91ms)
			ReleaseScriptCaches (0ms)
			RebuildScriptCaches (23ms)
			SetupLoadedEditorAssemblies (200ms)
				LogAssemblyErrors (0ms)
				InitializePlatformSupportModulesInManaged (7ms)
				SetLoadedEditorAssemblies (0ms)
				RefreshPlugins (30ms)
				BeforeProcessingInitializeOnLoad (1ms)
				ProcessInitializeOnLoadAttributes (122ms)
				ProcessInitializeOnLoadMethodAttributes (40ms)
				AfterProcessingInitializeOnLoad (0ms)
				EditorAssembliesLoaded (0ms)
			ExecutionOrderSort2 (0ms)
			AwakeInstancesAfterBackupRestoration (0ms)
Platform modules already initialized, skipping
Registering precompiled user dll's ...
Registered in 0.003326 seconds.
Begin MonoManager ReloadAssembly
Native extension for WindowsStandalone target not found
Refreshing native plugins compatible for Editor in 0.45 ms, found 2 plugins.
Preloading 0 native plugins for Editor in 0.00 ms.
Mono: successfully reloaded assembly
- Completed reload, in  0.827 seconds
Domain Reload Profiling:
	ReloadAssembly (828ms)
		BeginReloadAssembly (106ms)
			ExecutionOrderSort (0ms)
			DisableScriptedObjects (5ms)
			BackupInstance (0ms)
			ReleaseScriptingObjects (0ms)
			CreateAndSetChildDomain (19ms)
		EndReloadAssembly (606ms)
			LoadAssemblies (68ms)
			RebuildTransferFunctionScriptingTraits (0ms)
			SetupTypeCache (163ms)
			ReleaseScriptCaches (0ms)
			RebuildScriptCaches (42ms)
			SetupLoadedEditorAssemblies (303ms)
				LogAssemblyErrors (0ms)
				InitializePlatformSupportModulesInManaged (5ms)
				SetLoadedEditorAssemblies (0ms)
				RefreshPlugins (1ms)
				BeforeProcessingInitializeOnLoad (52ms)
				ProcessInitializeOnLoadAttributes (195ms)
				ProcessInitializeOnLoadMethodAttributes (38ms)
				AfterProcessingInitializeOnLoad (12ms)
				EditorAssembliesLoaded (0ms)
			ExecutionOrderSort2 (0ms)
			AwakeInstancesAfterBackupRestoration (6ms)
Platform modules already initialized, skipping
========================================================================
Worker process is ready to serve import requests
Launched and connected shader compiler UnityShaderCompiler.exe after 0.05 seconds
Refreshing native plugins compatible for Editor in 0.55 ms, found 2 plugins.
Preloading 0 native plugins for Editor in 0.00 ms.
Unloading 1846 Unused Serialized files (Serialized files now loaded: 0)
Unloading 23 unused Assets / (56.1 KB). Loaded Objects now: 2315.
Memory consumption went from 78.5 MB to 78.5 MB.
Total: 3.170800 ms (FindLiveObjects: 0.209900 ms CreateObjectMapping: 0.045100 ms MarkObjects: 2.815700 ms  DeleteObjects: 0.098800 ms)

AssetImportParameters requested are different than current active one (requested -> active):
  custom:video-decoder-ogg-theora: a1e56fd34408186e4bbccfd4996cb3dc -> 
  custom:container-muxer-webm: aa71ff27fc2769a1b78a27578f13a17b -> 
  custom:container-demuxer-webm: 4f35f7cbe854078d1ac9338744f61a02 -> 
  custom:video-encoder-webm-vp8: eb34c28f22e8b96e1ab97ce403110664 -> 
  custom:audio-encoder-webm-vorbis: bf7c407c2cedff20999df2af8eb42d56 -> 
  custom:framework-win-MediaFoundation: 216162199b28c13a410421893ffa2e32 -> 
  custom:container-demuxer-ogg: 62fdf1f143b41e24485cea50d1cbac27 -> 
  custom:video-decoder-webm-vp8: 9c59270c3fd7afecdb556c50c9e8de78 -> 
  custom:audio-decoder-ogg-vorbis: bf7c407c2cedff20999df2af8eb42d56 -> 
========================================================================
Received Import Request.
  Time since last request: 1834.501031 seconds.
  path: Assets/New Terrain 1.asset
  artifactKey: Guid(80639910b2df8e44696766436069a432) Importer(815301076,1909f56bfc062723c751e8b465ee728b)
Start importing Assets/New Terrain 1.asset using Guid(80639910b2df8e44696766436069a432) Importer(815301076,1909f56bfc062723c751e8b465ee728b)  -> (artifact id: '312ac2ca3109e24fff4cdce1c75889d9') in 0.047779 seconds 
========================================================================
Received Import Request.
  Time since last request: 0.000026 seconds.
  path: Assets/New Terrain.asset
  artifactKey: Guid(0ca64ca1932eb5643adb8f6b1968d439) Importer(815301076,1909f56bfc062723c751e8b465ee728b)
Start importing Assets/New Terrain.asset using Guid(0ca64ca1932eb5643adb8f6b1968d439) Importer(815301076,1909f56bfc062723c751e8b465ee728b)  -> (artifact id: '956c7d905d5f990d78c322e0221562d2') in 0.015414 seconds 
========================================================================
Received Import Request.
  Time since last request: 0.000067 seconds.
  path: Assets/New Terrain 2.asset
  artifactKey: Guid(3279d08a9c0d350409d91360b249746b) Importer(815301076,1909f56bfc062723c751e8b465ee728b)
Start importing Assets/New Terrain 2.asset using Guid(3279d08a9c0d350409d91360b249746b) Importer(815301076,1909f56bfc062723c751e8b465ee728b)  -> (artifact id: 'cb5c1cffef570175cf340eeb6824e303') in 0.016537 seconds 
========================================================================
Received Import Request.
  Time since last request: 12.005651 seconds.
  path: Assets/Future Dev Backups
  artifactKey: Guid(403e00a2e5abd44428bb5f742ca2f84c) Importer(815301076,1909f56bfc062723c751e8b465ee728b)
Start importing Assets/Future Dev Backups using Guid(403e00a2e5abd44428bb5f742ca2f84c) Importer(815301076,1909f56bfc062723c751e8b465ee728b)  -> (artifact id: 'f59b307cf565086e0d3ad6677f64ae82') in 0.006044 seconds 
========================================================================
Received Import Request.
  Time since last request: 0.368179 seconds.
  path: Assets/6 - Open World (in development)
  artifactKey: Guid(da065b45b6640aa4ba2f2729f799817e) Importer(815301076,1909f56bfc062723c751e8b465ee728b)
Start importing Assets/6 - Open World (in development) using Guid(da065b45b6640aa4ba2f2729f799817e) Importer(815301076,1909f56bfc062723c751e8b465ee728b)  -> (artifact id: '7bfdd333e8152bd88b962186f2891630') in 0.005778 seconds 
========================================================================
Received Import Request.
  Time since last request: 0.523181 seconds.
  path: Assets/1 - Shooter
  artifactKey: Guid(7f7c9119f4f7e45489d21d5b197f8e06) Importer(815301076,1909f56bfc062723c751e8b465ee728b)
Start importing Assets/1 - Shooter using Guid(7f7c9119f4f7e45489d21d5b197f8e06) Importer(815301076,1909f56bfc062723c751e8b465ee728b)  -> (artifact id: 'cf961053b33cc4a3ae0f764ae3a9da62') in 0.006115 seconds 
========================================================================
Received Import Request.
  Time since last request: 3.531400 seconds.
  path: Assets/1 - Shooter/Scripts
  artifactKey: Guid(bd22c1c7cfb6a0f469bbe1805930df50) Importer(815301076,1909f56bfc062723c751e8b465ee728b)
Start importing Assets/1 - Shooter/Scripts using Guid(bd22c1c7cfb6a0f469bbe1805930df50) Importer(815301076,1909f56bfc062723c751e8b465ee728b)  -> (artifact id: '5d5be440814e2efed0af96e14ef25664') in 0.005431 seconds 
========================================================================
Received Import Request.
  Time since last request: 1.979942 seconds.
  path: Assets/1 - Shooter/Scenes
  artifactKey: Guid(7f8ccda7c31488c4ea3b76f88d9a0349) Importer(815301076,1909f56bfc062723c751e8b465ee728b)
Start importing Assets/1 - Shooter/Scenes using Guid(7f8ccda7c31488c4ea3b76f88d9a0349) Importer(815301076,1909f56bfc062723c751e8b465ee728b)  -> (artifact id: '5c86963dca9f80d3b6a64f829483860e') in 0.006495 seconds 
========================================================================
Received Import Request.
  Time since last request: 0.033205 seconds.
  path: Assets/1 - Shooter/Scenes/LightingData.asset
  artifactKey: Guid(9f2e58d197e18ff43bb0ed00d7b13ab0) Importer(815301076,1909f56bfc062723c751e8b465ee728b)
Start importing Assets/1 - Shooter/Scenes/LightingData.asset using Guid(9f2e58d197e18ff43bb0ed00d7b13ab0) Importer(815301076,1909f56bfc062723c751e8b465ee728b)  -> (artifact id: '330568b5e0a249fd6736b84e43751c1d') in 0.019003 seconds 
========================================================================
Received Import Request.
  Time since last request: 2.855317 seconds.
  path: Assets/1 - Shooter/Scenes/ShooterTestLevel.unity
  artifactKey: Guid(d967eb1fce7392f419ba31a825a5c4fb) Importer(815301076,1909f56bfc062723c751e8b465ee728b)
Start importing Assets/1 - Shooter/Scenes/ShooterTestLevel.unity using Guid(d967eb1fce7392f419ba31a825a5c4fb) Importer(815301076,1909f56bfc062723c751e8b465ee728b)  -> (artifact id: 'a091e1230c1d04e7801834ce218a1a8b') in 0.005819 seconds 
========================================================================
Received Prepare
Registering precompiled user dll's ...
Registered in 0.003946 seconds.
Begin MonoManager ReloadAssembly
Native extension for WindowsStandalone target not found
Refreshing native plugins compatible for Editor in 0.42 ms, found 2 plugins.
Preloading 0 native plugins for Editor in 0.00 ms.
Mono: successfully reloaded assembly
- Completed reload, in  0.780 seconds
Domain Reload Profiling:
	ReloadAssembly (781ms)
		BeginReloadAssembly (114ms)
			ExecutionOrderSort (0ms)
			DisableScriptedObjects (6ms)
			BackupInstance (0ms)
			ReleaseScriptingObjects (0ms)
			CreateAndSetChildDomain (28ms)
		EndReloadAssembly (580ms)
			LoadAssemblies (70ms)
			RebuildTransferFunctionScriptingTraits (0ms)
			SetupTypeCache (164ms)
			ReleaseScriptCaches (1ms)
			RebuildScriptCaches (32ms)
			SetupLoadedEditorAssemblies (281ms)
				LogAssemblyErrors (0ms)
				InitializePlatformSupportModulesInManaged (13ms)
				SetLoadedEditorAssemblies (0ms)
				RefreshPlugins (0ms)
				BeforeProcessingInitializeOnLoad (53ms)
				ProcessInitializeOnLoadAttributes (170ms)
				ProcessInitializeOnLoadMethodAttributes (34ms)
				AfterProcessingInitializeOnLoad (9ms)
				EditorAssembliesLoaded (0ms)
			ExecutionOrderSort2 (0ms)
			AwakeInstancesAfterBackupRestoration (6ms)
Platform modules already initialized, skipping
Refreshing native plugins compatible for Editor in 1.60 ms, found 2 plugins.
Preloading 0 native plugins for Editor in 0.00 ms.
Unloading 1827 Unused Serialized files (Serialized files now loaded: 0)
Unloading 14 unused Assets / (0.5 MB). Loaded Objects now: 2320.
Memory consumption went from 77.8 MB to 77.2 MB.
Total: 3.746100 ms (FindLiveObjects: 0.218700 ms CreateObjectMapping: 0.066600 ms MarkObjects: 3.200400 ms  DeleteObjects: 0.258900 ms)

AssetImportParameters requested are different than current active one (requested -> active):
  custom:video-decoder-ogg-theora: a1e56fd34408186e4bbccfd4996cb3dc -> 
  custom:container-muxer-webm: aa71ff27fc2769a1b78a27578f13a17b -> 
  custom:container-demuxer-webm: 4f35f7cbe854078d1ac9338744f61a02 -> 
  custom:video-encoder-webm-vp8: eb34c28f22e8b96e1ab97ce403110664 -> 
  custom:audio-encoder-webm-vorbis: bf7c407c2cedff20999df2af8eb42d56 -> 
  custom:framework-win-MediaFoundation: 216162199b28c13a410421893ffa2e32 -> 
  custom:container-demuxer-ogg: 62fdf1f143b41e24485cea50d1cbac27 -> 
  custom:video-decoder-webm-vp8: 9c59270c3fd7afecdb556c50c9e8de78 -> 
  custom:audio-decoder-ogg-vorbis: bf7c407c2cedff20999df2af8eb42d56 -> 
